<?xml version="1.0" encoding="UTF-8"?>
<!-- Generated by org.testng.reporters.JUnitReportReporter -->
<testsuite hostname="ahnaf-linux" failures="0" tests="4" name="com.testng.PracticeTestNG" time="0.085" errors="0" timestamp="2024-09-21T14:23:33 EDT" skipped="1">
  <testcase classname="com.testng.PracticeTestNG" name="getLogin" time="0.039"/>
  <system-out/>
  <testcase classname="com.testng.PracticeTestNG" name="getPress" time="0.019"/>
  <system-out/>
  <testcase classname="com.testng.PracticeTestNG" name="getPump" time="0.027"/>
  <system-out/>
  <testcase classname="com.testng.PracticeTestNG" name="getDumb">
    <skipped/>
  </testcase> <!-- getDumb -->
  <system-out/>
</testsuite> <!-- com.testng.PracticeTestNG -->
