<?xml version="1.0" encoding="UTF-8"?>
<!-- Generated by org.testng.reporters.JUnitReportReporter -->
<testsuite hostname="ahnaf-linux" failures="0" tests="1" name="com.testng.LumaGear" time="19.028" errors="0" timestamp="2024-09-23T21:11:00 EDT" skipped="0">
  <testcase classname="com.testng.LumaGear" name="getGear" time="19.028"/>
  <system-out/>
</testsuite> <!-- com.testng.LumaGear -->
