<?xml version="1.0" encoding="UTF-8"?>
<!-- Generated by org.testng.reporters.JUnitReportReporter -->
<testsuite hostname="ahnaf-linux" failures="0" tests="1" name="com.testng.LumaLogin" time="40.902" errors="0" timestamp="2024-09-23T21:09:28 EDT" skipped="0">
  <testcase classname="com.testng.LumaLogin" name="getLogin" time="40.902"/>
  <system-out/>
</testsuite> <!-- com.testng.LumaLogin -->
