<?xml version="1.0" encoding="UTF-8"?>
<!-- Generated by org.testng.reporters.JUnitReportReporter -->
<testsuite hostname="ahnaf-linux" failures="0" tests="1" name="com.testng.LumaMensJacketsRun" time="0.050" errors="0" timestamp="2024-09-21T20:25:18 EDT" skipped="0">
  <testcase classname="com.testng.LumaMensJacketsRun" name="getLumaMensJackets" time="0.050"/>
  <system-out/>
</testsuite> <!-- com.testng.LumaMensJacketsRun -->
