<?xml version="1.0" encoding="UTF-8"?>
<!-- Generated by org.testng.reporters.JUnitReportReporter -->
<testsuite hostname="ahnaf-linux" failures="0" tests="1" name="com.testng.PracticeAnnotation" time="0.305" errors="0" timestamp="2024-09-21T13:42:30 EDT" skipped="0">
  <testcase classname="com.testng.PracticeAnnotation" name="getCart" time="0.305"/>
  <system-out/>
</testsuite> <!-- com.testng.PracticeAnnotation -->
