<?xml version="1.0" encoding="UTF-8"?>
<!-- Generated by org.testng.reporters.JUnitReportReporter -->
<testsuite hostname="ahnaf-linux" failures="0" tests="1" name="com.testng.LumaMensJackets" time="83.000" errors="0" timestamp="2024-09-25T20:42:25 EDT" skipped="0">
  <testcase classname="com.testng.LumaMensJackets" name="getLumaMensJackets" time="83.000"/>
  <system-out/>
</testsuite> <!-- com.testng.LumaMensJackets -->
