<?xml version="1.0" encoding="UTF-8"?>
<!-- Generated by org.testng.reporters.JUnitReportReporter -->
<testsuite hostname="ahnaf-linux" failures="0" tests="1" name="com.testng.LumaMensJackets" time="67.553" errors="0" timestamp="2024-09-22T15:03:18 EDT" skipped="0">
  <testcase classname="com.testng.LumaMensJackets" name="getLumaMensJackets" time="67.553"/>
  <system-out/>
</testsuite> <!-- com.testng.LumaMensJackets -->
