<?xml version="1.0" encoding="UTF-8"?>
<!-- Generated by org.testng.reporters.JUnitReportReporter -->
<testsuite hostname="ahnaf-linux" failures="0" tests="1" name="com.testng.LumaGear" time="48.822" errors="0" timestamp="2024-09-22T15:03:18 EDT" skipped="0">
  <testcase classname="com.testng.LumaGear" name="getGear" time="48.822"/>
  <system-out/>
</testsuite> <!-- com.testng.LumaGear -->
