<?xml version="1.0" encoding="UTF-8"?>
<!-- Generated by org.testng.reporters.JUnitReportReporter -->
<testsuite hostname="ahnaf-linux" failures="0" tests="1" name="com.testng.LumaLoginRun" time="0.046" errors="0" timestamp="2024-09-21T20:25:18 EDT" skipped="0">
  <testcase classname="com.testng.LumaLoginRun" name="getLogin" time="0.046"/>
  <system-out/>
</testsuite> <!-- com.testng.LumaLoginRun -->
